2019-08-18 15:58:16.325  INFO 4132 --- [main] c.xtm.ArtificialIntelligenceApplication  : Starting ArtificialIntelligenceApplication on LAPTOP-RVPDRUSL with PID 4132 (E:\IDEA_DATA\artificial_intelligence\target\classes started by admin in E:\IDEA_DATA\artificial_intelligence)
2019-08-18 15:58:16.344  INFO 4132 --- [main] c.xtm.ArtificialIntelligenceApplication  : No active profile set, falling back to default profiles: default
2019-08-18 15:58:18.238  INFO 4132 --- [main] .s.d.r.c.RepositoryConfigurationDelegate : Bootstrapping Spring Data repositories in DEFAULT mode.
2019-08-18 15:58:18.391  INFO 4132 --- [main] .s.d.r.c.RepositoryConfigurationDelegate : Finished Spring Data repository scanning in 142ms. Found 4 repository interfaces.
2019-08-18 15:58:18.957  INFO 4132 --- [main] trationDelegate$BeanPostProcessorChecker : Bean 'org.springframework.transaction.annotation.ProxyTransactionManagementConfiguration' of type [org.springframework.transaction.annotation.ProxyTransactionManagementConfiguration$$EnhancerBySpringCGLIB$$be94cffe] is not eligible for getting processed by all BeanPostProcessors (for example: not eligible for auto-proxying)
2019-08-18 15:58:19.502  INFO 4132 --- [main] o.s.b.w.embedded.tomcat.TomcatWebServer  : Tomcat initialized with port(s): 8080 (http)
2019-08-18 15:58:19.541  INFO 4132 --- [main] o.apache.catalina.core.StandardService   : Starting service [Tomcat]
2019-08-18 15:58:19.542  INFO 4132 --- [main] org.apache.catalina.core.StandardEngine  : Starting Servlet engine: [Apache Tomcat/9.0.19]
2019-08-18 15:58:19.809  INFO 4132 --- [main] o.a.c.c.C.[Tomcat].[localhost].[/]       : Initializing Spring embedded WebApplicationContext
2019-08-18 15:58:19.809  INFO 4132 --- [main] o.s.web.context.ContextLoader            : Root WebApplicationContext: initialization completed in 3290 ms
2019-08-18 15:58:20.156  WARN 4132 --- [main] com.zaxxer.hikari.HikariConfig           : HikariPool-1 - idleTimeout is close to or more than maxLifetime, disabling it.
2019-08-18 15:58:20.156  INFO 4132 --- [main] com.zaxxer.hikari.HikariDataSource       : HikariPool-1 - Starting...
2019-08-18 15:58:20.850  INFO 4132 --- [main] com.zaxxer.hikari.HikariDataSource       : HikariPool-1 - Start completed.
2019-08-18 15:58:21.179  INFO 4132 --- [main] o.hibernate.jpa.internal.util.LogHelper  : HHH000204: Processing PersistenceUnitInfo [
	name: default
	...]
2019-08-18 15:58:21.506  INFO 4132 --- [main] org.hibernate.Version                    : HHH000412: Hibernate Core {5.3.10.Final}
2019-08-18 15:58:21.508  INFO 4132 --- [main] org.hibernate.cfg.Environment            : HHH000206: hibernate.properties not found
2019-08-18 15:58:21.987  INFO 4132 --- [main] o.hibernate.annotations.common.Version   : HCANN000001: Hibernate Commons Annotations {5.0.4.Final}
2019-08-18 15:58:22.412  INFO 4132 --- [main] org.hibernate.dialect.Dialect            : HHH000400: Using dialect: org.hibernate.dialect.MySQL5Dialect
2019-08-18 15:58:23.586  INFO 4132 --- [main] j.LocalContainerEntityManagerFactoryBean : Initialized JPA EntityManagerFactory for persistence unit 'default'
2019-08-18 15:58:24.154  INFO 4132 --- [main] o.h.h.i.QueryTranslatorFactoryInitiator  : HHH000397: Using ASTQueryTranslatorFactory
2019-08-18 15:58:24.840  INFO 4132 --- [main] o.s.s.concurrent.ThreadPoolTaskExecutor  : Initializing ExecutorService 'applicationTaskExecutor'
2019-08-18 15:58:24.907  WARN 4132 --- [main] aWebConfiguration$JpaWebMvcConfiguration : spring.jpa.open-in-view is enabled by default. Therefore, database queries may be performed during view rendering. Explicitly configure spring.jpa.open-in-view to disable this warning
2019-08-18 15:58:25.086  INFO 4132 --- [main] o.s.b.a.w.s.WelcomePageHandlerMapping    : Adding welcome page template: index
2019-08-18 15:58:25.268  INFO 4132 --- [main] o.s.b.w.embedded.tomcat.TomcatWebServer  : Tomcat started on port(s): 8080 (http) with context path ''
2019-08-18 15:58:25.270  INFO 4132 --- [main] c.xtm.ArtificialIntelligenceApplication  : Started ArtificialIntelligenceApplication in 10.26 seconds (JVM running for 13.867)
2019-08-18 15:58:25.273  INFO 4132 --- [main] c.xtm.ArtificialIntelligenceApplication  : 系统已经启动
2019-08-18 15:59:23.676  INFO 4132 --- [http-nio-8080-exec-1] o.a.c.c.C.[Tomcat].[localhost].[/]       : Initializing Spring DispatcherServlet 'dispatcherServlet'
2019-08-18 15:59:23.677  INFO 4132 --- [http-nio-8080-exec-1] o.s.web.servlet.DispatcherServlet        : Initializing Servlet 'dispatcherServlet'
2019-08-18 15:59:23.693  INFO 4132 --- [http-nio-8080-exec-1] o.s.web.servlet.DispatcherServlet        : Completed initialization in 16 ms
