2019-06-18 10:11:07.901 [main] INFO  com.xtm.BlogJdbcApplication
                -Starting BlogJdbcApplication on LAPTOP-RVPDRUSL with PID 1976 (E:\IDEA_DATA\blog_jdbc\target\classes started by admin in E:\IDEA_DATA\blog_jdbc)
2019-06-18 10:11:07.901 [main] INFO  com.xtm.BlogJdbcApplication
                -No active profile set, falling back to default profiles: default
2019-06-18 10:11:09.409 [main] INFO  o.s.b.w.e.tomcat.TomcatWebServer
                -Tomcat initialized with port(s): 8082 (http)
2019-06-18 10:11:09.421 [main] INFO  o.a.coyote.http11.Http11NioProtocol
                -Initializing ProtocolHandler ["http-nio-8082"]
2019-06-18 10:11:09.442 [main] INFO  o.a.catalina.core.StandardService
                -Starting service [Tomcat]
2019-06-18 10:11:09.447 [main] INFO  o.a.catalina.core.StandardEngine
                -Starting Servlet engine: [Apache Tomcat/9.0.19]
2019-06-18 10:11:09.559 [main] INFO  o.a.c.c.C.[Tomcat].[localhost].[/]
                -Initializing Spring embedded WebApplicationContext
2019-06-18 10:11:09.559 [main] INFO  o.s.web.context.ContextLoader
                -Root WebApplicationContext: initialization completed in 1582 ms
2019-06-18 10:11:09.778 [main] INFO  o.s.s.c.ThreadPoolTaskExecutor
                -Initializing ExecutorService 'applicationTaskExecutor'
2019-06-18 10:11:09.907 [main] WARN  o.s.b.a.t.ThymeleafAutoConfiguration$DefaultTemplateResolverConfiguration
                -Cannot find template location: classpath:/templates/ (please add some templates or check your Thymeleaf configuration)
2019-06-18 10:11:09.996 [main] INFO  o.a.coyote.http11.Http11NioProtocol
                -Starting ProtocolHandler ["http-nio-8082"]
2019-06-18 10:11:10.029 [main] INFO  o.s.b.w.e.tomcat.TomcatWebServer
                -Tomcat started on port(s): 8082 (http) with context path ''
2019-06-18 10:11:10.029 [main] INFO  com.xtm.BlogJdbcApplication
                -Started BlogJdbcApplication in 2.946 seconds (JVM running for 5.483)
2019-06-18 10:11:44.394 [main] INFO  com.xtm.BlogJdbcApplication
                -Starting BlogJdbcApplication on LAPTOP-RVPDRUSL with PID 13816 (E:\IDEA_DATA\blog_jdbc\target\classes started by admin in E:\IDEA_DATA\blog_jdbc)
2019-06-18 10:11:44.394 [main] INFO  com.xtm.BlogJdbcApplication
                -No active profile set, falling back to default profiles: default
2019-06-18 10:11:45.756 [main] INFO  o.s.b.w.e.tomcat.TomcatWebServer
                -Tomcat initialized with port(s): 8082 (http)
2019-06-18 10:11:45.772 [main] INFO  o.a.coyote.http11.Http11NioProtocol
                -Initializing ProtocolHandler ["http-nio-8082"]
2019-06-18 10:11:45.772 [main] INFO  o.a.catalina.core.StandardService
                -Starting service [Tomcat]
2019-06-18 10:11:45.772 [main] INFO  o.a.catalina.core.StandardEngine
                -Starting Servlet engine: [Apache Tomcat/9.0.19]
2019-06-18 10:11:45.884 [main] INFO  o.a.c.c.C.[Tomcat].[localhost].[/]
                -Initializing Spring embedded WebApplicationContext
2019-06-18 10:11:45.884 [main] INFO  o.s.web.context.ContextLoader
                -Root WebApplicationContext: initialization completed in 1413 ms
2019-06-18 10:11:46.160 [main] INFO  o.s.s.c.ThreadPoolTaskExecutor
                -Initializing ExecutorService 'applicationTaskExecutor'
2019-06-18 10:11:46.291 [main] WARN  o.s.b.a.t.ThymeleafAutoConfiguration$DefaultTemplateResolverConfiguration
                -Cannot find template location: classpath:/templates/ (please add some templates or check your Thymeleaf configuration)
2019-06-18 10:11:46.404 [main] INFO  o.a.coyote.http11.Http11NioProtocol
                -Starting ProtocolHandler ["http-nio-8082"]
2019-06-18 10:11:46.431 [main] INFO  o.s.b.w.e.tomcat.TomcatWebServer
                -Tomcat started on port(s): 8082 (http) with context path ''
2019-06-18 10:11:46.431 [main] INFO  com.xtm.BlogJdbcApplication
                -Started BlogJdbcApplication in 2.736 seconds (JVM running for 5.138)
2019-06-18 10:11:59.038 [main] INFO  com.xtm.BlogJdbcApplication
                -Starting BlogJdbcApplication on LAPTOP-RVPDRUSL with PID 12124 (E:\IDEA_DATA\blog_jdbc\target\classes started by admin in E:\IDEA_DATA\blog_jdbc)
2019-06-18 10:11:59.054 [main] INFO  com.xtm.BlogJdbcApplication
                -No active profile set, falling back to default profiles: default
2019-06-18 10:12:00.497 [main] INFO  o.s.b.w.e.tomcat.TomcatWebServer
                -Tomcat initialized with port(s): 8082 (http)
2019-06-18 10:12:00.515 [main] INFO  o.a.coyote.http11.Http11NioProtocol
                -Initializing ProtocolHandler ["http-nio-8082"]
2019-06-18 10:12:00.535 [main] INFO  o.a.catalina.core.StandardService
                -Starting service [Tomcat]
2019-06-18 10:12:00.535 [main] INFO  o.a.catalina.core.StandardEngine
                -Starting Servlet engine: [Apache Tomcat/9.0.19]
2019-06-18 10:12:00.680 [main] INFO  o.a.c.c.C.[Tomcat].[localhost].[/]
                -Initializing Spring embedded WebApplicationContext
2019-06-18 10:12:00.680 [main] INFO  o.s.web.context.ContextLoader
                -Root WebApplicationContext: initialization completed in 1549 ms
2019-06-18 10:12:00.936 [main] INFO  o.s.s.c.ThreadPoolTaskExecutor
                -Initializing ExecutorService 'applicationTaskExecutor'
2019-06-18 10:12:01.057 [main] WARN  o.s.b.a.t.ThymeleafAutoConfiguration$DefaultTemplateResolverConfiguration
                -Cannot find template location: classpath:/templates/ (please add some templates or check your Thymeleaf configuration)
2019-06-18 10:12:01.154 [main] INFO  o.a.coyote.http11.Http11NioProtocol
                -Starting ProtocolHandler ["http-nio-8082"]
2019-06-18 10:12:01.193 [main] INFO  o.s.b.w.e.tomcat.TomcatWebServer
                -Tomcat started on port(s): 8082 (http) with context path ''
2019-06-18 10:12:01.193 [main] INFO  com.xtm.BlogJdbcApplication
                -Started BlogJdbcApplication in 2.81 seconds (JVM running for 4.907)
2019-06-18 10:12:26.533 [main] INFO  com.xtm.BlogJdbcApplication
                -Starting BlogJdbcApplication on LAPTOP-RVPDRUSL with PID 1200 (E:\IDEA_DATA\blog_jdbc\target\classes started by admin in E:\IDEA_DATA\blog_jdbc)
2019-06-18 10:12:26.550 [main] INFO  com.xtm.BlogJdbcApplication
                -No active profile set, falling back to default profiles: default
2019-06-18 10:12:27.926 [main] INFO  o.s.b.w.e.tomcat.TomcatWebServer
                -Tomcat initialized with port(s): 8082 (http)
2019-06-18 10:12:27.942 [main] INFO  o.a.coyote.http11.Http11NioProtocol
                -Initializing ProtocolHandler ["http-nio-8082"]
2019-06-18 10:12:27.942 [main] INFO  o.a.catalina.core.StandardService
                -Starting service [Tomcat]
2019-06-18 10:12:27.942 [main] INFO  o.a.catalina.core.StandardEngine
                -Starting Servlet engine: [Apache Tomcat/9.0.19]
2019-06-18 10:12:28.087 [main] INFO  o.a.c.c.C.[Tomcat].[localhost].[/]
                -Initializing Spring embedded WebApplicationContext
2019-06-18 10:12:28.087 [main] INFO  o.s.web.context.ContextLoader
                -Root WebApplicationContext: initialization completed in 1475 ms
2019-06-18 10:12:28.278 [main] INFO  o.s.s.c.ThreadPoolTaskExecutor
                -Initializing ExecutorService 'applicationTaskExecutor'
2019-06-18 10:12:28.358 [main] WARN  o.s.b.a.t.ThymeleafAutoConfiguration$DefaultTemplateResolverConfiguration
                -Cannot find template location: classpath:/templates/ (please add some templates or check your Thymeleaf configuration)
2019-06-18 10:12:28.455 [main] INFO  o.a.coyote.http11.Http11NioProtocol
                -Starting ProtocolHandler ["http-nio-8082"]
2019-06-18 10:12:28.487 [main] INFO  o.s.b.w.e.tomcat.TomcatWebServer
                -Tomcat started on port(s): 8082 (http) with context path ''
2019-06-18 10:12:28.487 [main] INFO  com.xtm.BlogJdbcApplication
                -Started BlogJdbcApplication in 2.674 seconds (JVM running for 4.659)
2019-06-18 10:12:52.894 [main] INFO  com.xtm.BlogJdbcApplication
                -Starting BlogJdbcApplication on LAPTOP-RVPDRUSL with PID 11556 (E:\IDEA_DATA\blog_jdbc\target\classes started by admin in E:\IDEA_DATA\blog_jdbc)
2019-06-18 10:12:52.899 [main] INFO  com.xtm.BlogJdbcApplication
                -No active profile set, falling back to default profiles: default
2019-06-18 10:12:56.211 [main] INFO  o.s.b.w.e.tomcat.TomcatWebServer
                -Tomcat initialized with port(s): 8082 (http)
2019-06-18 10:12:56.240 [main] INFO  o.a.coyote.http11.Http11NioProtocol
                -Initializing ProtocolHandler ["http-nio-8082"]
2019-06-18 10:12:56.265 [main] INFO  o.a.catalina.core.StandardService
                -Starting service [Tomcat]
2019-06-18 10:12:56.266 [main] INFO  o.a.catalina.core.StandardEngine
                -Starting Servlet engine: [Apache Tomcat/9.0.19]
2019-06-18 10:12:56.528 [main] INFO  o.a.c.c.C.[Tomcat].[localhost].[/]
                -Initializing Spring embedded WebApplicationContext
2019-06-18 10:12:56.528 [main] INFO  o.s.web.context.ContextLoader
                -Root WebApplicationContext: initialization completed in 3474 ms
2019-06-18 10:12:57.103 [main] INFO  o.s.s.c.ThreadPoolTaskExecutor
                -Initializing ExecutorService 'applicationTaskExecutor'
2019-06-18 10:12:57.301 [main] WARN  o.s.b.a.t.ThymeleafAutoConfiguration$DefaultTemplateResolverConfiguration
                -Cannot find template location: classpath:/templates/ (please add some templates or check your Thymeleaf configuration)
2019-06-18 10:12:57.496 [main] INFO  o.a.coyote.http11.Http11NioProtocol
                -Starting ProtocolHandler ["http-nio-8082"]
2019-06-18 10:12:57.545 [main] INFO  o.s.b.w.e.tomcat.TomcatWebServer
                -Tomcat started on port(s): 8082 (http) with context path ''
2019-06-18 10:12:57.550 [main] INFO  com.xtm.BlogJdbcApplication
                -Started BlogJdbcApplication in 5.569 seconds (JVM running for 8.21)
2019-06-18 10:14:05.219 [main] INFO  com.xtm.BlogJdbcApplication
                -Starting BlogJdbcApplication on LAPTOP-RVPDRUSL with PID 4908 (E:\IDEA_DATA\blog_jdbc\target\classes started by admin in E:\IDEA_DATA\blog_jdbc)
2019-06-18 10:14:05.225 [main] INFO  com.xtm.BlogJdbcApplication
                -No active profile set, falling back to default profiles: default
2019-06-18 10:14:07.697 [main] INFO  o.s.b.w.e.tomcat.TomcatWebServer
                -Tomcat initialized with port(s): 8082 (http)
2019-06-18 10:14:07.723 [main] INFO  o.a.coyote.http11.Http11NioProtocol
                -Initializing ProtocolHandler ["http-nio-8082"]
2019-06-18 10:14:07.738 [main] INFO  o.a.catalina.core.StandardService
                -Starting service [Tomcat]
2019-06-18 10:14:07.739 [main] INFO  o.a.catalina.core.StandardEngine
                -Starting Servlet engine: [Apache Tomcat/9.0.19]
2019-06-18 10:14:07.930 [main] INFO  o.a.c.c.C.[Tomcat].[localhost].[/]
                -Initializing Spring embedded WebApplicationContext
2019-06-18 10:14:07.931 [main] INFO  o.s.web.context.ContextLoader
                -Root WebApplicationContext: initialization completed in 2553 ms
2019-06-18 10:14:08.259 [main] INFO  o.s.s.c.ThreadPoolTaskExecutor
                -Initializing ExecutorService 'applicationTaskExecutor'
2019-06-18 10:14:08.387 [main] WARN  o.s.b.a.t.ThymeleafAutoConfiguration$DefaultTemplateResolverConfiguration
                -Cannot find template location: classpath:/templates/ (please add some templates or check your Thymeleaf configuration)
2019-06-18 10:14:08.592 [main] INFO  o.a.coyote.http11.Http11NioProtocol
                -Starting ProtocolHandler ["http-nio-8082"]
2019-06-18 10:14:08.653 [main] INFO  o.s.b.w.e.tomcat.TomcatWebServer
                -Tomcat started on port(s): 8082 (http) with context path ''
2019-06-18 10:14:08.658 [main] INFO  com.xtm.BlogJdbcApplication
                -Started BlogJdbcApplication in 4.368 seconds (JVM running for 6.649)
2019-06-18 10:15:16.423 [main] INFO  com.xtm.BlogJdbcApplication
                -Starting BlogJdbcApplication on LAPTOP-RVPDRUSL with PID 9372 (E:\IDEA_DATA\blog_jdbc\target\classes started by admin in E:\IDEA_DATA\blog_jdbc)
2019-06-18 10:15:16.465 [main] INFO  com.xtm.BlogJdbcApplication
                -No active profile set, falling back to default profiles: default
2019-06-18 10:15:18.131 [main] INFO  o.s.b.w.e.tomcat.TomcatWebServer
                -Tomcat initialized with port(s): 8082 (http)
2019-06-18 10:15:18.148 [main] INFO  o.a.coyote.http11.Http11NioProtocol
                -Initializing ProtocolHandler ["http-nio-8082"]
2019-06-18 10:15:18.162 [main] INFO  o.a.catalina.core.StandardService
                -Starting service [Tomcat]
2019-06-18 10:15:18.162 [main] INFO  o.a.catalina.core.StandardEngine
                -Starting Servlet engine: [Apache Tomcat/9.0.19]
2019-06-18 10:15:18.290 [main] INFO  o.a.c.c.C.[Tomcat].[localhost].[/]
                -Initializing Spring embedded WebApplicationContext
2019-06-18 10:15:18.291 [main] INFO  o.s.web.context.ContextLoader
                -Root WebApplicationContext: initialization completed in 1747 ms
2019-06-18 10:15:18.511 [main] INFO  o.s.s.c.ThreadPoolTaskExecutor
                -Initializing ExecutorService 'applicationTaskExecutor'
2019-06-18 10:15:18.597 [main] WARN  o.s.b.a.t.ThymeleafAutoConfiguration$DefaultTemplateResolverConfiguration
                -Cannot find template location: classpath:/templates/ (please add some templates or check your Thymeleaf configuration)
2019-06-18 10:15:18.698 [main] INFO  o.a.coyote.http11.Http11NioProtocol
                -Starting ProtocolHandler ["http-nio-8082"]
2019-06-18 10:15:18.737 [main] INFO  o.s.b.w.e.tomcat.TomcatWebServer
                -Tomcat started on port(s): 8082 (http) with context path ''
2019-06-18 10:15:18.742 [main] INFO  com.xtm.BlogJdbcApplication
                -Started BlogJdbcApplication in 3.213 seconds (JVM running for 5.59)
2019-06-18 10:16:59.367 [main] INFO  com.xtm.BlogJdbcApplication
                -Starting BlogJdbcApplication on LAPTOP-RVPDRUSL with PID 5912 (E:\IDEA_DATA\blog_jdbc\target\classes started by admin in E:\IDEA_DATA\blog_jdbc)
2019-06-18 10:16:59.373 [main] INFO  com.xtm.BlogJdbcApplication
                -No active profile set, falling back to default profiles: default
2019-06-18 10:17:00.885 [main] INFO  o.s.b.w.e.tomcat.TomcatWebServer
                -Tomcat initialized with port(s): 8082 (http)
2019-06-18 10:17:00.904 [main] INFO  o.a.coyote.http11.Http11NioProtocol
                -Initializing ProtocolHandler ["http-nio-8082"]
2019-06-18 10:17:00.920 [main] INFO  o.a.catalina.core.StandardService
                -Starting service [Tomcat]
2019-06-18 10:17:00.920 [main] INFO  o.a.catalina.core.StandardEngine
                -Starting Servlet engine: [Apache Tomcat/9.0.19]
2019-06-18 10:17:01.081 [main] INFO  o.a.c.c.C.[Tomcat].[localhost].[/]
                -Initializing Spring embedded WebApplicationContext
2019-06-18 10:17:01.081 [main] INFO  o.s.web.context.ContextLoader
                -Root WebApplicationContext: initialization completed in 1626 ms
2019-06-18 10:17:01.352 [main] INFO  o.s.s.c.ThreadPoolTaskExecutor
                -Initializing ExecutorService 'applicationTaskExecutor'
2019-06-18 10:17:01.463 [main] WARN  o.s.b.a.t.ThymeleafAutoConfiguration$DefaultTemplateResolverConfiguration
                -Cannot find template location: classpath:/templates/ (please add some templates or check your Thymeleaf configuration)
2019-06-18 10:17:01.560 [main] INFO  o.a.coyote.http11.Http11NioProtocol
                -Starting ProtocolHandler ["http-nio-8082"]
2019-06-18 10:17:01.605 [main] INFO  o.s.b.w.e.tomcat.TomcatWebServer
                -Tomcat started on port(s): 8082 (http) with context path ''
2019-06-18 10:17:01.609 [main] INFO  com.xtm.BlogJdbcApplication
                -Started BlogJdbcApplication in 2.897 seconds (JVM running for 4.838)
